c:\users\qi\documents\visual studio 2013\projects\simula\simula\x64\debug\vc120.pdb
c:\users\qi\documents\visual studio 2013\projects\simula\simula\x64\debug\vc120.idb
c:\users\qi\documents\visual studio 2013\projects\simula\simula\x64\debug\main.obj
c:\users\qi\documents\visual studio 2013\projects\simula\x64\debug\simula.ilk
c:\users\qi\documents\visual studio 2013\projects\simula\x64\debug\simula.exe
c:\users\qi\documents\visual studio 2013\projects\simula\x64\debug\simula.pdb
c:\users\qi\documents\github\simula\vs2013\simula\x64\debug\kernel.cu.cache
c:\users\qi\documents\github\simula\vs2013\simula\x64\debug\kernel.cu.obj
c:\users\qi\documents\github\simula\vs2013\simula\x64\debug\main.obj
c:\users\qi\documents\github\simula\vs2013\simula\x64\debug\vc120.idb
c:\users\qi\documents\github\simula\vs2013\simula\x64\debug\vc120.pdb
c:\users\qi\documents\github\simula\vs2013\x64\debug\simula.pdb
c:\users\qi\documents\github\simula\vs2013\x64\debug\simula.exe
c:\users\qi\documents\github\simula\vs2013\x64\debug\simula.ilk
c:\users\qi\documents\github\simula\vs2013\simula\x64\debug\simula.tlog\cl.command.1.tlog
c:\users\qi\documents\github\simula\vs2013\simula\x64\debug\simula.tlog\cl.read.1.tlog
c:\users\qi\documents\github\simula\vs2013\simula\x64\debug\simula.tlog\cl.write.1.tlog
c:\users\qi\documents\github\simula\vs2013\simula\x64\debug\simula.tlog\link.command.1.tlog
c:\users\qi\documents\github\simula\vs2013\simula\x64\debug\simula.tlog\link.read.1.tlog
c:\users\qi\documents\github\simula\vs2013\simula\x64\debug\simula.tlog\link.write.1.tlog
